2014-09-03 13:24:01,129 - UC31 all current UC32s: dict_keys([])
2014-09-03 13:24:01,736 - UC31 all current UC32s: dict_keys([])
2014-09-03 13:24:35,853 - UC31 all current UC32s: dict_keys([])
2014-09-03 13:24:36,268 - UC31 all current UC32s: dict_keys([])
2014-09-03 13:25:10,851 - UC31 all current UC32s: dict_keys([])
2014-09-03 13:25:11,260 - UC31 all current UC32s: dict_keys([])
2014-09-03 13:25:45,854 - UC31 all current UC32s: dict_keys([])
2014-09-03 13:25:46,264 - UC31 all current UC32s: dict_keys([])
2014-09-03 13:26:20,846 - UC31 all current UC32s: dict_keys([])
2014-09-03 13:26:21,251 - UC31 all current UC32s: dict_keys([])
2014-09-03 13:26:55,854 - UC31 all current UC32s: dict_keys([])
2014-09-03 13:26:56,266 - UC31 all current UC32s: dict_keys([])
2014-09-03 13:27:30,853 - UC31 all current UC32s: dict_keys([])
2014-09-03 13:27:31,255 - UC31 all current UC32s: dict_keys([])
2014-09-03 13:28:05,843 - UC31 all current UC32s: dict_keys([])
2014-09-03 13:28:06,248 - UC31 all current UC32s: dict_keys([])
2014-09-03 13:28:40,839 - UC31 all current UC32s: dict_keys([])
2014-09-03 13:28:41,242 - UC31 all current UC32s: dict_keys([])
2014-09-03 13:29:16,040 - UC31 all current UC32s: dict_keys([])
2014-09-03 13:29:16,543 - UC31 all current UC32s: dict_keys([])
2014-09-03 13:29:50,844 - UC31 all current UC32s: dict_keys([])
2014-09-03 13:29:51,348 - UC31 all current UC32s: dict_keys([])
2014-09-03 13:30:25,845 - UC31 all current UC32s: dict_keys([])
2014-09-03 13:30:26,251 - UC31 all current UC32s: dict_keys([])
2014-09-03 13:31:00,838 - UC31 all current UC32s: dict_keys([])
2014-09-03 13:31:01,245 - UC31 all current UC32s: dict_keys([])
2014-09-03 13:31:35,839 - UC31 all current UC32s: dict_keys([])
2014-09-03 13:31:36,242 - UC31 all current UC32s: dict_keys([])
2014-09-03 13:32:10,840 - UC31 all current UC32s: dict_keys([])
2014-09-03 13:32:11,346 - UC31 all current UC32s: dict_keys([])
2014-09-03 13:32:45,871 - UC31 all current UC32s: dict_keys([])
2014-09-03 13:32:46,274 - UC31 all current UC32s: dict_keys([])
2014-09-03 13:33:20,843 - UC31 all current UC32s: dict_keys([])
2014-09-03 13:33:21,247 - UC31 all current UC32s: dict_keys([])
2014-09-03 13:33:55,847 - UC31 all current UC32s: dict_keys([])
2014-09-03 13:33:56,249 - UC31 all current UC32s: dict_keys([])
2014-09-03 13:34:31,054 - UC31 all current UC32s: dict_keys([])
2014-09-03 13:34:31,559 - UC31 all current UC32s: dict_keys([])
2014-09-03 13:35:05,840 - UC31 all current UC32s: dict_keys([])
2014-09-03 13:35:06,346 - UC31 all current UC32s: dict_keys([])
2014-09-03 13:35:40,845 - UC31 all current UC32s: dict_keys([])
2014-09-03 13:35:41,247 - UC31 all current UC32s: dict_keys([])
2014-09-03 13:36:15,841 - UC31 all current UC32s: dict_keys([])
2014-09-03 13:36:16,246 - UC31 all current UC32s: dict_keys([])
2014-09-03 13:36:50,839 - UC31 all current UC32s: dict_keys([])
2014-09-03 13:36:51,243 - UC31 all current UC32s: dict_keys([])
2014-09-03 13:37:25,874 - UC31 all current UC32s: dict_keys([])
2014-09-03 13:37:26,281 - UC31 all current UC32s: dict_keys([])
2014-09-03 13:38:00,867 - UC31 all current UC32s: dict_keys([])
2014-09-03 13:38:01,274 - UC31 all current UC32s: dict_keys([])
2014-09-03 13:38:35,852 - UC31 all current UC32s: dict_keys([])
2014-09-03 13:38:36,257 - UC31 all current UC32s: dict_keys([])
2014-09-03 13:39:10,844 - UC31 all current UC32s: dict_keys([])
2014-09-03 13:39:11,249 - UC31 all current UC32s: dict_keys([])
2014-09-03 13:39:46,056 - UC31 all current UC32s: dict_keys([])
2014-09-03 13:39:46,554 - UC31 all current UC32s: dict_keys([])
2014-09-03 13:40:20,847 - UC31 all current UC32s: dict_keys([])
2014-09-03 13:40:21,260 - UC31 all current UC32s: dict_keys([])
2014-09-03 13:40:55,843 - UC31 all current UC32s: dict_keys([])
2014-09-03 13:40:56,245 - UC31 all current UC32s: dict_keys([])
2014-09-03 13:41:30,843 - UC31 all current UC32s: dict_keys([])
2014-09-03 13:41:31,244 - UC31 all current UC32s: dict_keys([])
2014-09-03 13:42:05,841 - UC31 all current UC32s: dict_keys([])
2014-09-03 13:42:06,248 - UC31 all current UC32s: dict_keys([])
2014-09-03 13:42:40,845 - UC31 all current UC32s: dict_keys([])
2014-09-03 13:42:41,251 - UC31 all current UC32s: dict_keys([])
2014-09-03 13:43:15,845 - UC31 all current UC32s: dict_keys([])
2014-09-03 13:43:16,256 - UC31 all current UC32s: dict_keys([])
2014-09-03 13:43:50,846 - UC31 all current UC32s: dict_keys([])
2014-09-03 13:43:51,251 - UC31 all current UC32s: dict_keys([])
2014-09-03 13:44:25,844 - UC31 all current UC32s: dict_keys([])
2014-09-03 13:44:26,252 - UC31 all current UC32s: dict_keys([])
2014-09-03 13:45:01,041 - UC31 all current UC32s: dict_keys([])
2014-09-03 13:45:01,542 - UC31 all current UC32s: dict_keys([])
2014-09-03 13:45:35,840 - UC31 all current UC32s: dict_keys([])
2014-09-03 13:45:36,347 - UC31 all current UC32s: dict_keys([])
2014-09-03 13:46:10,858 - UC31 all current UC32s: dict_keys([])
2014-09-03 13:46:11,261 - UC31 all current UC32s: dict_keys([])
2014-09-03 13:46:45,847 - UC31 all current UC32s: dict_keys([])
2014-09-03 13:46:46,252 - UC31 all current UC32s: dict_keys([])
2014-09-03 13:47:20,835 - UC31 all current UC32s: dict_keys([])
2014-09-03 13:47:21,241 - UC31 all current UC32s: dict_keys([])
2014-09-03 13:47:55,849 - UC31 all current UC32s: dict_keys([])
2014-09-03 13:47:56,257 - UC31 all current UC32s: dict_keys([])
2014-09-03 13:48:30,842 - UC31 all current UC32s: dict_keys([])
2014-09-03 13:48:31,251 - UC31 all current UC32s: dict_keys([])
2014-09-03 13:49:05,838 - UC31 all current UC32s: dict_keys([])
2014-09-03 13:49:06,249 - UC31 all current UC32s: dict_keys([])
2014-09-03 13:49:40,736 - getAccount_fromApi checking error---------->? {'apiError': "HTTPConnectionPool(host='localhost', port=9876): Max retries exceeded with url: /nxt?requestType=getAccount&account=16159101027034403504 (Caused by <class 'ConnectionRefusedError'>: [Errno 111] Verbindungsaufbau abgelehnt)"} 
 meta: {'xGateAcct': 'NFD', 'issuer': 'accountModel', 'queriedAssetID': '7334941058708816895', 'qqLen': 1, 'purpose': 'regularAccPoll'} 
'assetBalances' 
2014-09-03 13:49:40,839 - UC31 all current UC32s: dict_keys([])
2014-09-03 13:49:40,940 - UNSPECIFIC TX ERROR NFD  {'apiError': "HTTPConnectionPool(host='localhost', port=9876): Max retries exceeded with url: /nxt?requestType=getAccountTransactionIds&timestamp=8942946&type=2&firstIndex=&subtype=1&lastIndex=&account=16159101027034403504 (Caused by <class 'ConnectionRefusedError'>: [Errno 111] Verbindungsaufbau abgelehnt)"} {'xGateAcct': 'NFD', 'issuer': 'accountModel', 'queriedAssetID': '7334941058708816895', 'qqLen': 3, 'purpose': 'regularAccPoll'}  
2014-09-03 13:49:41,144 - getAccount_fromApi checking error---------->? {'apiError': "HTTPConnectionPool(host='localhost', port=6876): Max retries exceeded with url: /nxt?requestType=getAccount&account=2865886802744497404 (Caused by <class 'ConnectionRefusedError'>: [Errno 111] Verbindungsaufbau abgelehnt)"} 
 meta: {'xGateAcct': 'NXT', 'issuer': 'accountModel', 'queriedAssetID': '6477891914279744979', 'qqLen': 5, 'purpose': 'regularAccPoll'} 
'assetBalances' 
2014-09-03 13:49:41,244 - UC31 all current UC32s: dict_keys([])
2014-09-03 13:49:41,345 - UNSPECIFIC TX ERROR NXT  {'apiError': "HTTPConnectionPool(host='localhost', port=6876): Max retries exceeded with url: /nxt?requestType=getAccountTransactionIds&timestamp=24444546&type=2&firstIndex=&subtype=1&lastIndex=&account=2865886802744497404 (Caused by <class 'ConnectionRefusedError'>: [Errno 111] Verbindungsaufbau abgelehnt)"} {'xGateAcct': 'NXT', 'issuer': 'accountModel', 'queriedAssetID': '6477891914279744979', 'qqLen': 7, 'purpose': 'regularAccPoll'}  
